# JRE version: Java(TM) SE Runtime Environment (8.0_191-b12) (build 1.8.0_191-b12)
# Java VM: Java HotSpot(TM) 64-Bit Server VM (25.191-b12 mixed mode linux-amd64 compressed oops)
Heap:
 PSYoungGen      total 123392K, used 8691K [0x00000000d6f80000, 0x00000000df980000, 0x0000000100000000)
  eden space 114688K, 0% used [0x00000000d6f80000,0x00000000d6f80000,0x00000000ddf80000)
  from space 8704K, 99% used [0x00000000de880000,0x00000000df0fcd28,0x00000000df100000)
  to   space 5120K, 0% used [0x00000000df480000,0x00000000df480000,0x00000000df980000)
 ParOldGen       total 49152K, used 10552K [0x0000000084e00000, 0x0000000087e00000, 0x00000000d6f80000)
  object space 49152K, 21% used [0x0000000084e00000,0x000000008584e088,0x0000000087e00000)
 Metaspace       used 26691K, capacity 27616K, committed 27776K, reserved 1073152K
  class space    used 3642K, capacity 3881K, committed 3968K, reserved 1048576K
GC Heap History (10 events):
Event: 2.143 GC heap after
Heap after GC invocations=3 (full 0):
 PSYoungGen      total 36864K, used 5117K [0x00000000d6f80000, 0x00000000db780000, 0x0000000100000000)
  eden space 31744K, 0% used [0x00000000d6f80000,0x00000000d6f80000,0x00000000d8e80000)
  from space 5120K, 99% used [0x00000000d8e80000,0x00000000d937f520,0x00000000d9380000)
  to   space 5120K, 0% used [0x00000000db280000,0x00000000db280000,0x00000000db780000)
 ParOldGen       total 84992K, used 112K [0x0000000084e00000, 0x000000008a100000, 0x00000000d6f80000)
  object space 84992K, 0% used [0x0000000084e00000,0x0000000084e1c000,0x000000008a100000)
 Metaspace       used 14223K, capacity 14608K, committed 14848K, reserved 1062912K
  class space    used 1887K, capacity 2027K, committed 2048K, reserved 1048576K
}
Event: 2.361 GC heap before
{Heap before GC invocations=4 (full 0):
 PSYoungGen      total 36864K, used 36861K [0x00000000d6f80000, 0x00000000db780000, 0x0000000100000000)
  eden space 31744K, 100% used [0x00000000d6f80000,0x00000000d8e80000,0x00000000d8e80000)
  from space 5120K, 99% used [0x00000000d8e80000,0x00000000d937f520,0x00000000d9380000)
  to   space 5120K, 0% used [0x00000000db280000,0x00000000db280000,0x00000000db780000)
 ParOldGen       total 84992K, used 112K [0x0000000084e00000, 0x000000008a100000, 0x00000000d6f80000)
  object space 84992K, 0% used [0x0000000084e00000,0x0000000084e1c000,0x000000008a100000)
 Metaspace       used 17139K, capacity 17560K, committed 17792K, reserved 1064960K
  class space    used 2255K, capacity 2387K, committed 2432K, reserved 1048576K
Event: 2.374 GC heap after
Heap after GC invocations=4 (full 0):
 PSYoungGen      total 68608K, used 5101K [0x00000000d6f80000, 0x00000000db780000, 0x0000000100000000)
  eden space 63488K, 0% used [0x00000000d6f80000,0x00000000d6f80000,0x00000000dad80000)
  from space 5120K, 99% used [0x00000000db280000,0x00000000db77b6b8,0x00000000db780000)
  to   space 5120K, 0% used [0x00000000dad80000,0x00000000dad80000,0x00000000db280000)
 ParOldGen       total 84992K, used 1842K [0x0000000084e00000, 0x000000008a100000, 0x00000000d6f80000)
  object space 84992K, 2% used [0x0000000084e00000,0x0000000084fcc838,0x000000008a100000)
 Metaspace       used 17139K, capacity 17560K, committed 17792K, reserved 1064960K
  class space    used 2255K, capacity 2387K, committed 2432K, reserved 1048576K
}
Event: 52.069 GC heap before
{Heap before GC invocations=5 (full 0):
 PSYoungGen      total 68608K, used 67205K [0x00000000d6f80000, 0x00000000db780000, 0x0000000100000000)
  eden space 63488K, 97% used [0x00000000d6f80000,0x00000000dac25fa0,0x00000000dad80000)
  from space 5120K, 99% used [0x00000000db280000,0x00000000db77b6b8,0x00000000db780000)
  to   space 5120K, 0% used [0x00000000dad80000,0x00000000dad80000,0x00000000db280000)
 ParOldGen       total 84992K, used 1842K [0x0000000084e00000, 0x000000008a100000, 0x00000000d6f80000)
  object space 84992K, 2% used [0x0000000084e00000,0x0000000084fcc838,0x000000008a100000)
 Metaspace       used 20582K, capacity 21242K, committed 21296K, reserved 1067008K
  class space    used 2768K, capacity 2944K, committed 2944K, reserved 1048576K
Event: 52.203 GC heap after
Heap after GC invocations=5 (full 0):
 PSYoungGen      total 68608K, used 5117K [0x00000000d6f80000, 0x00000000dfd80000, 0x0000000100000000)
  eden space 63488K, 0% used [0x00000000d6f80000,0x00000000d6f80000,0x00000000dad80000)
  from space 5120K, 99% used [0x00000000dad80000,0x00000000db27f5b8,0x00000000db280000)
  to   space 9216K, 0% used [0x00000000df480000,0x00000000df480000,0x00000000dfd80000)
 ParOldGen       total 84992K, used 5205K [0x0000000084e00000, 0x000000008a100000, 0x00000000d6f80000)
  object space 84992K, 6% used [0x0000000084e00000,0x00000000853154b8,0x000000008a100000)
 Metaspace       used 20582K, capacity 21242K, committed 21296K, reserved 1067008K
  class space    used 2768K, capacity 2944K, committed 2944K, reserved 1048576K
}
Event: 52.204 GC heap before
{Heap before GC invocations=6 (full 1):
 PSYoungGen      total 68608K, used 5117K [0x00000000d6f80000, 0x00000000dfd80000, 0x0000000100000000)
  eden space 63488K, 0% used [0x00000000d6f80000,0x00000000d6f80000,0x00000000dad80000)
  from space 5120K, 99% used [0x00000000dad80000,0x00000000db27f5b8,0x00000000db280000)
  to   space 9216K, 0% used [0x00000000df480000,0x00000000df480000,0x00000000dfd80000)
 ParOldGen       total 84992K, used 5205K [0x0000000084e00000, 0x000000008a100000, 0x00000000d6f80000)
  object space 84992K, 6% used [0x0000000084e00000,0x00000000853154b8,0x000000008a100000)
 Metaspace       used 20582K, capacity 21242K, committed 21296K, reserved 1067008K
  class space    used 2768K, capacity 2944K, committed 2944K, reserved 1048576K
Event: 52.437 GC heap after
Heap after GC invocations=6 (full 1):
 PSYoungGen      total 68608K, used 0K [0x00000000d6f80000, 0x00000000dfd80000, 0x0000000100000000)
  eden space 63488K, 0% used [0x00000000d6f80000,0x00000000d6f80000,0x00000000dad80000)
  from space 5120K, 0% used [0x00000000dad80000,0x00000000dad80000,0x00000000db280000)
  to   space 9216K, 0% used [0x00000000df480000,0x00000000df480000,0x00000000dfd80000)
 ParOldGen       total 49152K, used 8278K [0x0000000084e00000, 0x0000000087e00000, 0x00000000d6f80000)
  object space 49152K, 16% used [0x0000000084e00000,0x0000000085615b98,0x0000000087e00000)
 Metaspace       used 20581K, capacity 21236K, committed 21296K, reserved 1067008K
  class space    used 2767K, capacity 2943K, committed 2944K, reserved 1048576K
}
Event: 53.992 GC heap before
{Heap before GC invocations=7 (full 1):
 PSYoungGen      total 68608K, used 63488K [0x00000000d6f80000, 0x00000000dfd80000, 0x0000000100000000)
  eden space 63488K, 100% used [0x00000000d6f80000,0x00000000dad80000,0x00000000dad80000)
  from space 5120K, 0% used [0x00000000dad80000,0x00000000dad80000,0x00000000db280000)
  to   space 9216K, 0% used [0x00000000df480000,0x00000000df480000,0x00000000dfd80000)
 ParOldGen       total 49152K, used 8278K [0x0000000084e00000, 0x0000000087e00000, 0x00000000d6f80000)
  object space 49152K, 16% used [0x0000000084e00000,0x0000000085615b98,0x0000000087e00000)
 Metaspace       used 22954K, capacity 23672K, committed 23808K, reserved 1069056K
  class space    used 3084K, capacity 3265K, committed 3328K, reserved 1048576K
Event: 54.007 GC heap after
Heap after GC invocations=7 (full 1):
 PSYoungGen      total 119808K, used 4965K [0x00000000d6f80000, 0x00000000df980000, 0x0000000100000000)
  eden space 114688K, 0% used [0x00000000d6f80000,0x00000000d6f80000,0x00000000ddf80000)
  from space 5120K, 96% used [0x00000000df480000,0x00000000df9595d0,0x00000000df980000)
  to   space 8704K, 0% used [0x00000000de880000,0x00000000de880000,0x00000000df100000)
 ParOldGen       total 49152K, used 8286K [0x0000000084e00000, 0x0000000087e00000, 0x00000000d6f80000)
  object space 49152K, 16% used [0x0000000084e00000,0x0000000085617b98,0x0000000087e00000)
 Metaspace       used 22954K, capacity 23672K, committed 23808K, reserved 1069056K
  class space    used 3084K, capacity 3265K, committed 3328K, reserved 1048576K
}
Event: 55.642 GC heap before
{Heap before GC invocations=8 (full 1):
 PSYoungGen      total 119808K, used 119653K [0x00000000d6f80000, 0x00000000df980000, 0x0000000100000000)
  eden space 114688K, 100% used [0x00000000d6f80000,0x00000000ddf80000,0x00000000ddf80000)
  from space 5120K, 96% used [0x00000000df480000,0x00000000df9595d0,0x00000000df980000)
  to   space 8704K, 0% used [0x00000000de880000,0x00000000de880000,0x00000000df100000)
 ParOldGen       total 49152K, used 8286K [0x0000000084e00000, 0x0000000087e00000, 0x00000000d6f80000)
  object space 49152K, 16% used [0x0000000084e00000,0x0000000085617b98,0x0000000087e00000)
 Metaspace       used 26691K, capacity 27616K, committed 27776K, reserved 1073152K
  class space    used 3642K, capacity 3881K, committed 3968K, reserved 1048576K

